<?xml version="1.0" encoding="UTF-8"?>
<testng-results ignored="0" total="1" passed="1" failed="0" skipped="0">
  <reporter-output>
    <line>
      <![CDATA[After Maximizing Window]]>
    </line>
    <line>
      <![CDATA[Before Any Timeout Call:org.openqa.selenium.remote.RemoteWebDriver$RemoteWebDriverOptions$RemoteTimeouts@3a60c416]]>
    </line>
    <line>
      <![CDATA[Before navigating to:https://vinothqaacademy.com/demo-site/']]>
    </line>
    <line>
      <![CDATA[After navigating to:https://vinothqaacademy.com/demo-site/']]>
    </line>
    <line>
      <![CDATA[Before Finding ElementBy.xpath: //input[@name='vfb-5']]]>
    </line>
    <line>
      <![CDATA[Before sending any values to input field[[ChromeDriver: chrome on windows (9a6694a68a1d569a8541680b069c9b61)] -> xpath: //input[@name='vfb-5']]]]>
    </line>
    <line>
      <![CDATA[Before Finding ElementBy.xpath: //input[@name='vfb-7']]]>
    </line>
    <line>
      <![CDATA[Before sending any values to input field[[ChromeDriver: chrome on windows (9a6694a68a1d569a8541680b069c9b61)] -> xpath: //input[@name='vfb-7']]]]>
    </line>
    <line>
      <![CDATA[Before Finding ElementBy.xpath: //input[@value='Male']]]>
    </line>
    <line>
      <![CDATA[Before Clicking:[[ChromeDriver: chrome on windows (9a6694a68a1d569a8541680b069c9b61)] -> xpath: //input[@value='Male']]]]>
    </line>
    <line>
      <![CDATA[After Clicking:[[ChromeDriver: chrome on windows (9a6694a68a1d569a8541680b069c9b61)] -> xpath: //input[@value='Male']]]]>
    </line>
    <line>
      <![CDATA[register testcase Done!]]>
    </line>
    <line>
      <![CDATA[
== BROWSER CLOSED SUCCESSFULLY ==
]]>
    </line>
  </reporter-output>
  <suite started-at="2024-12-03T10:59:53 GMT+05:45" name="Default suite" finished-at="2024-12-03T11:00:18 GMT+05:45" duration-ms="25451">
    <groups>
    </groups>
    <test started-at="2024-12-03T10:59:53 GMT+05:45" name="Default test" finished-at="2024-12-03T11:00:18 GMT+05:45" duration-ms="25451">
      <class name="firstTest.RegisterTest">
        <test-method is-config="true" signature="setup()[pri:0, instance:firstTest.RegisterTest@402bba4f]" started-at="2024-12-03T10:59:53 GMT+05:45" name="setup" finished-at="2024-12-03T11:00:12 GMT+05:45" duration-ms="18856" status="PASS">
          <reporter-output>
            <line>
              <![CDATA[After Maximizing Window]]>
            </line>
            <line>
              <![CDATA[Before Any Timeout Call:org.openqa.selenium.remote.RemoteWebDriver$RemoteWebDriverOptions$RemoteTimeouts@3a60c416]]>
            </line>
            <line>
              <![CDATA[Before navigating to:https://vinothqaacademy.com/demo-site/']]>
            </line>
            <line>
              <![CDATA[After navigating to:https://vinothqaacademy.com/demo-site/']]>
            </line>
          </reporter-output>
        </test-method> <!-- setup -->
        <test-method signature="verifyRegisterTest()[pri:0, instance:firstTest.RegisterTest@402bba4f]" started-at="2024-12-03T11:00:12 GMT+05:45" name="verifyRegisterTest" description="Register test case" finished-at="2024-12-03T11:00:17 GMT+05:45" duration-ms="5424" status="PASS">
          <reporter-output>
            <line>
              <![CDATA[Before Finding ElementBy.xpath: //input[@name='vfb-5']]]>
            </line>
            <line>
              <![CDATA[Before sending any values to input field[[ChromeDriver: chrome on windows (9a6694a68a1d569a8541680b069c9b61)] -> xpath: //input[@name='vfb-5']]]]>
            </line>
            <line>
              <![CDATA[Before Finding ElementBy.xpath: //input[@name='vfb-7']]]>
            </line>
            <line>
              <![CDATA[Before sending any values to input field[[ChromeDriver: chrome on windows (9a6694a68a1d569a8541680b069c9b61)] -> xpath: //input[@name='vfb-7']]]]>
            </line>
            <line>
              <![CDATA[Before Finding ElementBy.xpath: //input[@value='Male']]]>
            </line>
            <line>
              <![CDATA[Before Clicking:[[ChromeDriver: chrome on windows (9a6694a68a1d569a8541680b069c9b61)] -> xpath: //input[@value='Male']]]]>
            </line>
            <line>
              <![CDATA[After Clicking:[[ChromeDriver: chrome on windows (9a6694a68a1d569a8541680b069c9b61)] -> xpath: //input[@value='Male']]]]>
            </line>
            <line>
              <![CDATA[register testcase Done!]]>
            </line>
          </reporter-output>
        </test-method> <!-- verifyRegisterTest -->
        <test-method is-config="true" signature="closeBrowserSession(org.testng.ITestResult)[pri:0, instance:firstTest.RegisterTest@402bba4f]" started-at="2024-12-03T11:00:17 GMT+05:45" name="closeBrowserSession" finished-at="2024-12-03T11:00:18 GMT+05:45" duration-ms="1068" status="PASS">
          <params>
            <param index="0">
              <value>
                <![CDATA[[TestResult name=verifyRegisterTest status=SUCCESS method=RegisterTest.verifyRegisterTest()[pri:0, instance:firstTest.RegisterTest@402bba4f] output=Before Finding ElementBy.xpath: //input[@name='vfb-5']]]]>
              </value>
            </param>
          </params>
          <reporter-output>
            <line>
              <![CDATA[
== BROWSER CLOSED SUCCESSFULLY ==
]]>
            </line>
          </reporter-output>
        </test-method> <!-- closeBrowserSession -->
      </class> <!-- firstTest.RegisterTest -->
    </test> <!-- Default test -->
  </suite> <!-- Default suite -->
</testng-results>
